0 info it worked if it ends with ok
1 verbose cli [ 'C:\\Program Files (x86)\\nodejs\\node.exe',
1 verbose cli   'C:\\Program Files (x86)\\nodejs\\node_modules\\npm\\bin\\npm-cli.js',
1 verbose cli   'install',
1 verbose cli   'ngSticky' ]
2 info using npm@2.14.12
3 info using node@v4.3.0
4 verbose install initial load of U:\v2-Plan\package.json
5 verbose installManyTop reading scoped package data from U:\v2-Plan\node_modules\angular\package.json
6 verbose installManyTop reading scoped package data from U:\v2-Plan\node_modules\angular-animate\package.json
7 verbose installManyTop reading scoped package data from U:\v2-Plan\node_modules\angular-aria\package.json
8 verbose installManyTop reading scoped package data from U:\v2-Plan\node_modules\angular-material\package.json
9 verbose installManyTop reading scoped package data from U:\v2-Plan\node_modules\angular-messages\package.json
10 verbose installManyTop reading scoped package data from U:\v2-Plan\node_modules\angular-mocks\package.json
11 verbose installManyTop reading scoped package data from U:\v2-Plan\node_modules\angular-route\package.json
12 verbose installManyTop reading scoped package data from U:\v2-Plan\node_modules\angular-sanitize\package.json
13 verbose installManyTop reading scoped package data from U:\v2-Plan\node_modules\font-awesome\package.json
14 info package.json angular-material@1.0.8 No license field.
15 verbose readDependencies loading dependencies from U:\v2-Plan\package.json
16 silly cache add args [ 'ngSticky', null ]
17 verbose cache add spec ngSticky
18 silly cache add parsed spec Result {
18 silly cache add   raw: 'ngSticky',
18 silly cache add   scope: null,
18 silly cache add   name: 'ngSticky',
18 silly cache add   rawSpec: '',
18 silly cache add   spec: 'latest',
18 silly cache add   type: 'tag' }
19 silly addNamed ngSticky@latest
20 verbose addNamed "latest" is being treated as a dist-tag for ngSticky
21 info addNameTag [ 'ngSticky', 'latest' ]
22 silly mapToRegistry name ngSticky
23 silly mapToRegistry using default registry
24 silly mapToRegistry registry https://registry.npmjs.org/
25 silly mapToRegistry uri https://registry.npmjs.org/ngSticky
26 verbose addNameTag registry:https://registry.npmjs.org/ngSticky not in flight; fetching
27 verbose request uri https://registry.npmjs.org/ngSticky
28 verbose request no auth needed
29 info attempt registry request try #1 at 11:17:28 AM
30 verbose request id a3200048c651ddce
31 http request GET https://registry.npmjs.org/ngSticky
32 http 404 https://registry.npmjs.org/ngSticky
33 verbose headers { 'content-type': 'application/json',
33 verbose headers   'cache-control': 'max-age=0',
33 verbose headers   'content-length': '2',
33 verbose headers   'accept-ranges': 'bytes',
33 verbose headers   date: 'Wed, 11 May 2016 03:17:33 GMT',
33 verbose headers   via: '1.1 varnish',
33 verbose headers   age: '0',
33 verbose headers   connection: 'keep-alive',
33 verbose headers   'x-served-by': 'cache-dfw1839-DFW',
33 verbose headers   'x-cache': 'MISS',
33 verbose headers   'x-cache-hits': '0',
33 verbose headers   'x-timer': 'S1462936653.557435,VS0,VE188',
33 verbose headers   vary: 'Accept-Encoding' }
34 silly get cb [ 404,
34 silly get   { 'content-type': 'application/json',
34 silly get     'cache-control': 'max-age=0',
34 silly get     'content-length': '2',
34 silly get     'accept-ranges': 'bytes',
34 silly get     date: 'Wed, 11 May 2016 03:17:33 GMT',
34 silly get     via: '1.1 varnish',
34 silly get     age: '0',
34 silly get     connection: 'keep-alive',
34 silly get     'x-served-by': 'cache-dfw1839-DFW',
34 silly get     'x-cache': 'MISS',
34 silly get     'x-cache-hits': '0',
34 silly get     'x-timer': 'S1462936653.557435,VS0,VE188',
34 silly get     vary: 'Accept-Encoding' } ]
35 verbose stack Error: Registry returned 404 for GET on https://registry.npmjs.org/ngSticky
35 verbose stack     at makeError (C:\Program Files (x86)\nodejs\node_modules\npm\node_modules\npm-registry-client\lib\request.js:264:12)
35 verbose stack     at CachingRegistryClient.<anonymous> (C:\Program Files (x86)\nodejs\node_modules\npm\node_modules\npm-registry-client\lib\request.js:242:14)
35 verbose stack     at Request._callback (C:\Program Files (x86)\nodejs\node_modules\npm\node_modules\npm-registry-client\lib\request.js:172:14)
35 verbose stack     at Request.self.callback (C:\Program Files (x86)\nodejs\node_modules\npm\node_modules\request\request.js:198:22)
35 verbose stack     at emitTwo (events.js:87:13)
35 verbose stack     at Request.emit (events.js:172:7)
35 verbose stack     at Request.<anonymous> (C:\Program Files (x86)\nodejs\node_modules\npm\node_modules\request\request.js:1082:10)
35 verbose stack     at emitOne (events.js:82:20)
35 verbose stack     at Request.emit (events.js:169:7)
35 verbose stack     at IncomingMessage.<anonymous> (C:\Program Files (x86)\nodejs\node_modules\npm\node_modules\request\request.js:1009:12)
36 verbose statusCode 404
37 verbose pkgid ngSticky
38 verbose cwd U:\v2-Plan
39 error Windows_NT 6.1.7601
40 error argv "C:\\Program Files (x86)\\nodejs\\node.exe" "C:\\Program Files (x86)\\nodejs\\node_modules\\npm\\bin\\npm-cli.js" "install" "ngSticky"
41 error node v4.3.0
42 error npm  v2.14.12
43 error code E404
44 error 404 Registry returned 404 for GET on https://registry.npmjs.org/ngSticky
44 error 404
44 error 404 'ngSticky' is not in the npm registry.
44 error 404 Your package name is not valid, because
44 error 404
44 error 404  1. name can no longer contain capital letters
44 error 404
44 error 404 Note that you can also install from a
44 error 404 tarball, folder, http url, or git url.
45 verbose exit [ 1, true ]
